<!DOCTYPE html PUBLIC "-//W3C//DTD XHTML 1.1//EN" "https://www.w3.org/TR/xhtml11/DTD/xhtml11.dtd">
<html xmlns="https://www.w3.org/1999/xhtml">
<head>
<meta http-equiv="content-type" content="text/html; charset=UTF-8"/>
<title>TestNG Report</title>
<style type="text/css">table {margin-bottom:10px;border-collapse:collapse;empty-cells:show}th,td {border:1px solid #009;padding:.25em .5em}th {vertical-align:bottom}td {vertical-align:top}table a {font-weight:bold}.stripe td {background-color: #E6EBF9}.num {text-align:right}.passedodd td {background-color: #3F3}.passedeven td {background-color: #0A0}.skippedodd td {background-color: #DDD}.skippedeven td {background-color: #CCC}.failedodd td,.attn {background-color: #F33}.failedeven td,.stripe .attn {background-color: #D00}.stacktrace {white-space:pre;font-family:monospace}.totop {font-size:85%;text-align:center;border-bottom:2px solid #000}.invisible {display:none}</style>
</head>
<body>
<table>
<tr><th>Test</th><th># Passed</th><th># Skipped</th><th># Retried</th><th># Failed</th><th>Time (ms)</th><th>Included Groups</th><th>Excluded Groups</th></tr>
<tr><th colspan="8">Demoblaze Automation Suite</th></tr>
<tr><td><a href="#t0">Demoblaze Tests</a></td><td class="num">22</td><td class="num">0</td><td class="num">0</td><td class="num attn">3</td><td class="num">322,234</td><td></td><td></td></tr>
</table>
<table id='summary'><thead><tr><th>Class</th><th>Method</th><th>Start</th><th>Time (ms)</th></tr></thead><tbody><tr><th colspan="4">Demoblaze Automation Suite</th></tr></tbody><tbody id="t0"><tr><th colspan="4">Demoblaze Tests &#8212; failed</th></tr><tr class="failedeven"><td rowspan="2">tests.CartTest</td><td><a href="#m0">removeProductFromCart</a></td><td rowspan="1">1751924633088</td><td rowspan="1">3507</td></tr><tr class="failedeven"><td><a href="#m1">viewCartWithAddedProducts</a></td><td rowspan="1">1751924630239</td><td rowspan="1">101</td></tr><tr class="failedodd"><td rowspan="1">tests.OrderTest</td><td><a href="#m2">placeOrderWithEmptyForm</a></td><td rowspan="1">1751924694987</td><td rowspan="1">22983</td></tr><tr><th colspan="4">Demoblaze Tests &#8212; passed</th></tr><tr class="passedeven"><td rowspan="2">tests.CartTest</td><td><a href="#m3">addMultipleProductsToCart</a></td><td rowspan="1">1751924639283</td><td rowspan="1">24591</td></tr><tr class="passedeven"><td><a href="#m4">addProductToCart</a></td><td rowspan="1">1751924610299</td><td rowspan="1">16558</td></tr><tr class="passedodd"><td rowspan="5">tests.LoginTest</td><td><a href="#m5">loginWithEmptyFields</a></td><td rowspan="1">1751924546577</td><td rowspan="1">8751</td></tr><tr class="passedodd"><td><a href="#m6">loginWithInvalidEmailFormat</a></td><td rowspan="1">1751924558180</td><td rowspan="1">7811</td></tr><tr class="passedodd"><td><a href="#m7">loginWithValidCredentials</a></td><td rowspan="1">1751924523331</td><td rowspan="1">9065</td></tr><tr class="passedodd"><td><a href="#m8">loginWithWrongPassword</a></td><td rowspan="1">1751924535336</td><td rowspan="1">8463</td></tr><tr class="passedodd"><td><a href="#m9">verifyPasswordIsMasked</a></td><td rowspan="1">1751924568522</td><td rowspan="1">6448</td></tr><tr class="passedeven"><td rowspan="1">tests.LogoutTest</td><td><a href="#m10">verifyLogoutAfterLogin</a></td><td rowspan="1">1751924787986</td><td rowspan="1">12083</td></tr><tr class="passedodd"><td rowspan="2">tests.OrderTest</td><td><a href="#m11">placeOrderWithValidDetails</a></td><td rowspan="1">1751924666839</td><td rowspan="1">25686</td></tr><tr class="passedodd"><td><a href="#m12">verifyOrderConfirmationPopup</a></td><td rowspan="1">1751924721074</td><td rowspan="1">26043</td></tr><tr class="passedeven"><td rowspan="4">tests.ProductBrowsingTest</td><td><a href="#m13">browsePhonesCategory</a></td><td rowspan="1">1751924749599</td><td rowspan="1">4819</td></tr><tr class="passedeven"><td><a href="#m14">navigateToHomeFromNavbar</a></td><td rowspan="1">1751924765204</td><td rowspan="1">6178</td></tr><tr class="passedeven"><td><a href="#m15">navigateUsingNavbarLinks</a></td><td rowspan="1">1751924773445</td><td rowspan="1">12100</td></tr><tr class="passedeven"><td><a href="#m16">viewProductDetails</a></td><td rowspan="1">1751924756999</td><td rowspan="1">6108</td></tr><tr class="passedodd"><td rowspan="1">tests.ResponsiveDesignTest</td><td><a href="#m17">verifyNoHorizontalScroll</a></td><td rowspan="1">1751924830343</td><td rowspan="1">7736</td></tr><tr class="passedeven"><td rowspan="3">tests.SignupTest</td><td><a href="#m18">signUpWithEmptyFields</a></td><td rowspan="1">1751924599554</td><td rowspan="1">8206</td></tr><tr class="passedeven"><td><a href="#m19">signUpWithExistingUsername</a></td><td rowspan="1">1751924588341</td><td rowspan="1">8681</td></tr><tr class="passedeven"><td><a href="#m20">signUpWithUniqueCredentials</a></td><td rowspan="1">1751924577519</td><td rowspan="1">8419</td></tr><tr class="passedodd"><td rowspan="4">tests.UIUXTest</td><td><a href="#m21">checkFontConsistency</a></td><td rowspan="1">1751924813688</td><td rowspan="1">3316</td></tr><tr class="passedodd"><td><a href="#m22">checkVisibilityOfActionButtons</a></td><td rowspan="1">1751924807948</td><td rowspan="1">3485</td></tr><tr class="passedodd"><td><a href="#m23">testAlertPopupStyling</a></td><td rowspan="1">1751924819389</td><td rowspan="1">8549</td></tr><tr class="passedodd"><td><a href="#m24">verifyProductTileAlignment</a></td><td rowspan="1">1751924802191</td><td rowspan="1">3536</td></tr></tbody>
</table>
<h2>Demoblaze Tests</h2><h3 id="m0">tests.CartTest#removeProductFromCart</h3><table class="result"><tr><th>Exception</th></tr><tr><td><div class="stacktrace">org.openqa.selenium.NoSuchElementException: no such element: Unable to locate element: {&quot;method&quot;:&quot;xpath&quot;,&quot;selector&quot;:&quot;//table[@id=&apos;cartTable&apos;]//a[contains(text(),&apos;Delete&apos;)]&quot;}
  (Session info: chrome=137.0.7151.120)
For documentation on this error, please visit: https://www.selenium.dev/documentation/webdriver/troubleshooting/errors#no-such-element-exception
Build info: version: &apos;4.19.1&apos;, revision: &apos;abe0ee07dc&apos;
System info: os.name: &apos;Windows 11&apos;, os.arch: &apos;amd64&apos;, os.version: &apos;10.0&apos;, java.version: &apos;21.0.7&apos;
Driver info: org.openqa.selenium.chrome.ChromeDriver
Command: [efbc5f5bd17dbcf2bd9dbfea1eea931c, findElement {using=xpath, value=//table[@id=&apos;cartTable&apos;]//a[contains(text(),&apos;Delete&apos;)]}]
Capabilities {acceptInsecureCerts: false, browserName: chrome, browserVersion: 137.0.7151.120, chrome: {chromedriverVersion: 137.0.7151.119 (e0ac9d12dff..., userDataDir: C:\Users\Sathya\AppData\Loc...}, fedcm:accounts: true, goog:chromeOptions: {debuggerAddress: localhost:58598}, networkConnectionEnabled: false, pageLoadStrategy: normal, platformName: windows, proxy: Proxy(), se:cdp: ws://localhost:58598/devtoo..., se:cdpVersion: 137.0.7151.120, setWindowRect: true, strictFileInteractability: false, timeouts: {implicit: 0, pageLoad: 300000, script: 30000}, unhandledPromptBehavior: dismiss and notify, webauthn:extension:credBlob: true, webauthn:extension:largeBlob: true, webauthn:extension:minPinLength: true, webauthn:extension:prf: true, webauthn:virtualAuthenticators: true}
Session ID: efbc5f5bd17dbcf2bd9dbfea1eea931c
	at org.openqa.selenium.remote.ErrorCodec.decode(ErrorCodec.java:167)
	at org.openqa.selenium.remote.codec.w3c.W3CHttpResponseCodec.decode(W3CHttpResponseCodec.java:138)
	at org.openqa.selenium.remote.codec.w3c.W3CHttpResponseCodec.decode(W3CHttpResponseCodec.java:50)
	at org.openqa.selenium.remote.HttpCommandExecutor.execute(HttpCommandExecutor.java:190)
	at org.openqa.selenium.remote.service.DriverCommandExecutor.invokeExecute(DriverCommandExecutor.java:216)
	at org.openqa.selenium.remote.service.DriverCommandExecutor.execute(DriverCommandExecutor.java:174)
	at org.openqa.selenium.remote.RemoteWebDriver.execute(RemoteWebDriver.java:518)
	at org.openqa.selenium.remote.ElementLocation$ElementFinder$2.findElement(ElementLocation.java:165)
	at org.openqa.selenium.remote.ElementLocation.findElement(ElementLocation.java:59)
	at org.openqa.selenium.remote.RemoteWebDriver.findElement(RemoteWebDriver.java:355)
	at org.openqa.selenium.remote.RemoteWebDriver.findElement(RemoteWebDriver.java:349)
	at tests.CartTest.removeProductFromCart(CartTest.java:56)
	at java.base/java.util.ArrayList.forEach(ArrayList.java:1596)
... Removed 28 stack frames</div></td></tr></table><p class="totop"><a href="#summary">back to summary</a></p>
<h3 id="m1">tests.CartTest#viewCartWithAddedProducts</h3><table class="result"><tr><th>Exception</th></tr><tr><td><div class="stacktrace">org.openqa.selenium.NoSuchElementException: no such element: Unable to locate element: {&quot;method&quot;:&quot;xpath&quot;,&quot;selector&quot;:&quot;//a[text()=&apos;Samsung galaxy s6&apos;]&quot;}
  (Session info: chrome=137.0.7151.120)
For documentation on this error, please visit: https://www.selenium.dev/documentation/webdriver/troubleshooting/errors#no-such-element-exception
Build info: version: &apos;4.19.1&apos;, revision: &apos;abe0ee07dc&apos;
System info: os.name: &apos;Windows 11&apos;, os.arch: &apos;amd64&apos;, os.version: &apos;10.0&apos;, java.version: &apos;21.0.7&apos;
Driver info: org.openqa.selenium.chrome.ChromeDriver
Command: [286744c1d91ebc2088847dc648ff4616, findElement {using=xpath, value=//a[text()=&apos;Samsung galaxy s6&apos;]}]
Capabilities {acceptInsecureCerts: false, browserName: chrome, browserVersion: 137.0.7151.120, chrome: {chromedriverVersion: 137.0.7151.119 (e0ac9d12dff..., userDataDir: C:\Users\Sathya\AppData\Loc...}, fedcm:accounts: true, goog:chromeOptions: {debuggerAddress: localhost:58581}, networkConnectionEnabled: false, pageLoadStrategy: normal, platformName: windows, proxy: Proxy(), se:cdp: ws://localhost:58581/devtoo..., se:cdpVersion: 137.0.7151.120, setWindowRect: true, strictFileInteractability: false, timeouts: {implicit: 0, pageLoad: 300000, script: 30000}, unhandledPromptBehavior: dismiss and notify, webauthn:extension:credBlob: true, webauthn:extension:largeBlob: true, webauthn:extension:minPinLength: true, webauthn:extension:prf: true, webauthn:virtualAuthenticators: true}
Session ID: 286744c1d91ebc2088847dc648ff4616
	at org.openqa.selenium.remote.ErrorCodec.decode(ErrorCodec.java:167)
	at org.openqa.selenium.remote.codec.w3c.W3CHttpResponseCodec.decode(W3CHttpResponseCodec.java:138)
	at org.openqa.selenium.remote.codec.w3c.W3CHttpResponseCodec.decode(W3CHttpResponseCodec.java:50)
	at org.openqa.selenium.remote.HttpCommandExecutor.execute(HttpCommandExecutor.java:190)
	at org.openqa.selenium.remote.service.DriverCommandExecutor.invokeExecute(DriverCommandExecutor.java:216)
	at org.openqa.selenium.remote.service.DriverCommandExecutor.execute(DriverCommandExecutor.java:174)
	at org.openqa.selenium.remote.RemoteWebDriver.execute(RemoteWebDriver.java:518)
	at org.openqa.selenium.remote.ElementLocation$ElementFinder$2.findElement(ElementLocation.java:165)
	at org.openqa.selenium.remote.ElementLocation.findElement(ElementLocation.java:59)
	at org.openqa.selenium.remote.RemoteWebDriver.findElement(RemoteWebDriver.java:355)
	at org.openqa.selenium.remote.RemoteWebDriver.findElement(RemoteWebDriver.java:349)
	at tests.CartTest.viewCartWithAddedProducts(CartTest.java:37)
	at java.base/java.util.ArrayList.forEach(ArrayList.java:1596)
... Removed 28 stack frames</div></td></tr></table><p class="totop"><a href="#summary">back to summary</a></p>
<h3 id="m2">tests.OrderTest#placeOrderWithEmptyForm</h3><table class="result"><tr><th>Exception</th></tr><tr><td><div class="stacktrace">org.openqa.selenium.UnhandledAlertException: unexpected alert open: {Alert text : Please fill out Name and Creditcard.}
  (Session info: chrome=137.0.7151.120): Please fill out Name and Creditcard.
Build info: version: &apos;4.19.1&apos;, revision: &apos;abe0ee07dc&apos;
System info: os.name: &apos;Windows 11&apos;, os.arch: &apos;amd64&apos;, os.version: &apos;10.0&apos;, java.version: &apos;21.0.7&apos;
Driver info: org.openqa.selenium.chrome.ChromeDriver
Command: [8f99f3480e334dbbf76907f57dd38a5b, findElements {using=id, value=orderModalLabel}]
Capabilities {acceptInsecureCerts: false, browserName: chrome, browserVersion: 137.0.7151.120, chrome: {chromedriverVersion: 137.0.7151.119 (e0ac9d12dff..., userDataDir: C:\Users\Sathya\AppData\Loc...}, fedcm:accounts: true, goog:chromeOptions: {debuggerAddress: localhost:58701}, networkConnectionEnabled: false, pageLoadStrategy: normal, platformName: windows, proxy: Proxy(), se:cdp: ws://localhost:58701/devtoo..., se:cdpVersion: 137.0.7151.120, setWindowRect: true, strictFileInteractability: false, timeouts: {implicit: 0, pageLoad: 300000, script: 30000}, unhandledPromptBehavior: dismiss and notify, webauthn:extension:credBlob: true, webauthn:extension:largeBlob: true, webauthn:extension:minPinLength: true, webauthn:extension:prf: true, webauthn:virtualAuthenticators: true}
Session ID: 8f99f3480e334dbbf76907f57dd38a5b
	at org.openqa.selenium.remote.codec.w3c.W3CHttpResponseCodec.decode(W3CHttpResponseCodec.java:136)
	at org.openqa.selenium.remote.codec.w3c.W3CHttpResponseCodec.decode(W3CHttpResponseCodec.java:50)
	at org.openqa.selenium.remote.HttpCommandExecutor.execute(HttpCommandExecutor.java:190)
	at org.openqa.selenium.remote.service.DriverCommandExecutor.invokeExecute(DriverCommandExecutor.java:216)
	at org.openqa.selenium.remote.service.DriverCommandExecutor.execute(DriverCommandExecutor.java:174)
	at org.openqa.selenium.remote.RemoteWebDriver.execute(RemoteWebDriver.java:518)
	at org.openqa.selenium.remote.ElementLocation$ElementFinder$2.findElements(ElementLocation.java:182)
	at org.openqa.selenium.remote.ElementLocation.findElements(ElementLocation.java:103)
	at org.openqa.selenium.remote.RemoteWebDriver.findElements(RemoteWebDriver.java:368)
	at org.openqa.selenium.remote.RemoteWebDriver.findElements(RemoteWebDriver.java:362)
	at tests.OrderTest.placeOrderWithEmptyForm(OrderTest.java:90)
	at java.base/java.util.ArrayList.forEach(ArrayList.java:1596)
... Removed 25 stack frames</div></td></tr></table><p class="totop"><a href="#summary">back to summary</a></p>
<h3 id="m3">tests.CartTest#addMultipleProductsToCart</h3><table class="result"><tr><th class="invisible"/></tr></table><p class="totop"><a href="#summary">back to summary</a></p>
<h3 id="m4">tests.CartTest#addProductToCart</h3><table class="result"><tr><th class="invisible"/></tr></table><p class="totop"><a href="#summary">back to summary</a></p>
<h3 id="m5">tests.LoginTest#loginWithEmptyFields</h3><table class="result"><tr><th class="invisible"/></tr></table><p class="totop"><a href="#summary">back to summary</a></p>
<h3 id="m6">tests.LoginTest#loginWithInvalidEmailFormat</h3><table class="result"><tr><th class="invisible"/></tr></table><p class="totop"><a href="#summary">back to summary</a></p>
<h3 id="m7">tests.LoginTest#loginWithValidCredentials</h3><table class="result"><tr><th class="invisible"/></tr></table><p class="totop"><a href="#summary">back to summary</a></p>
<h3 id="m8">tests.LoginTest#loginWithWrongPassword</h3><table class="result"><tr><th class="invisible"/></tr></table><p class="totop"><a href="#summary">back to summary</a></p>
<h3 id="m9">tests.LoginTest#verifyPasswordIsMasked</h3><table class="result"><tr><th class="invisible"/></tr></table><p class="totop"><a href="#summary">back to summary</a></p>
<h3 id="m10">tests.LogoutTest#verifyLogoutAfterLogin</h3><table class="result"><tr><th class="invisible"/></tr></table><p class="totop"><a href="#summary">back to summary</a></p>
<h3 id="m11">tests.OrderTest#placeOrderWithValidDetails</h3><table class="result"><tr><th class="invisible"/></tr></table><p class="totop"><a href="#summary">back to summary</a></p>
<h3 id="m12">tests.OrderTest#verifyOrderConfirmationPopup</h3><table class="result"><tr><th class="invisible"/></tr></table><p class="totop"><a href="#summary">back to summary</a></p>
<h3 id="m13">tests.ProductBrowsingTest#browsePhonesCategory</h3><table class="result"><tr><th class="invisible"/></tr></table><p class="totop"><a href="#summary">back to summary</a></p>
<h3 id="m14">tests.ProductBrowsingTest#navigateToHomeFromNavbar</h3><table class="result"><tr><th class="invisible"/></tr></table><p class="totop"><a href="#summary">back to summary</a></p>
<h3 id="m15">tests.ProductBrowsingTest#navigateUsingNavbarLinks</h3><table class="result"><tr><th class="invisible"/></tr></table><p class="totop"><a href="#summary">back to summary</a></p>
<h3 id="m16">tests.ProductBrowsingTest#viewProductDetails</h3><table class="result"><tr><th class="invisible"/></tr></table><p class="totop"><a href="#summary">back to summary</a></p>
<h3 id="m17">tests.ResponsiveDesignTest#verifyNoHorizontalScroll</h3><table class="result"><tr><th class="invisible"/></tr></table><p class="totop"><a href="#summary">back to summary</a></p>
<h3 id="m18">tests.SignupTest#signUpWithEmptyFields</h3><table class="result"><tr><th class="invisible"/></tr></table><p class="totop"><a href="#summary">back to summary</a></p>
<h3 id="m19">tests.SignupTest#signUpWithExistingUsername</h3><table class="result"><tr><th class="invisible"/></tr></table><p class="totop"><a href="#summary">back to summary</a></p>
<h3 id="m20">tests.SignupTest#signUpWithUniqueCredentials</h3><table class="result"><tr><th class="invisible"/></tr></table><p class="totop"><a href="#summary">back to summary</a></p>
<h3 id="m21">tests.UIUXTest#checkFontConsistency</h3><table class="result"><tr><th class="invisible"/></tr></table><p class="totop"><a href="#summary">back to summary</a></p>
<h3 id="m22">tests.UIUXTest#checkVisibilityOfActionButtons</h3><table class="result"><tr><th class="invisible"/></tr></table><p class="totop"><a href="#summary">back to summary</a></p>
<h3 id="m23">tests.UIUXTest#testAlertPopupStyling</h3><table class="result"><tr><th class="invisible"/></tr></table><p class="totop"><a href="#summary">back to summary</a></p>
<h3 id="m24">tests.UIUXTest#verifyProductTileAlignment</h3><table class="result"><tr><th class="invisible"/></tr></table><p class="totop"><a href="#summary">back to summary</a></p>
</body>
</html>
